<?xml version="1.0" encoding="UTF-8"?>
<!-- Generated by org.testng.reporters.JUnitReportReporter -->
<testsuite skipped="0" hostname="DESKTOP-LT0H2AE" name="com.app.carrental.runners.CukesRunner" tests="5" failures="0" timestamp="17 Aug 2019 21:35:36 GMT" time="2.401" errors="0">
  <testcase name="runScenario" time="0.078" classname="com.app.carrental.runners.CukesRunner"/>
  <testcase name="runScenario" time="0.089" classname="com.app.carrental.runners.CukesRunner"/>
  <testcase name="runScenario" time="0.083" classname="com.app.carrental.runners.CukesRunner"/>
  <testcase name="runScenario" time="0.078" classname="com.app.carrental.runners.CukesRunner"/>
  <testcase name="runScenario" time="2.073" classname="com.app.carrental.runners.CukesRunner"/>
</testsuite> <!-- com.app.carrental.runners.CukesRunner -->
